model - 1577686734,1577686734.922,0.52,0.2498,0.59,0.2493
model - 1577686734,1577686734.946,0.62,0.2488,0.49,0.2586
model - 1577686734,1577686734.971,0.34,0.2813,0.6,0.2489
model - 1577686734,1577686734.995,0.49,0.2499,0.48,0.2515
model - 1577686734,1577686735.019,0.49,0.2507,0.51,0.248
model - 1577686734,1577686735.046,0.5,0.2522,0.42,0.2537
model - 1577686734,1577686735.071,0.58,0.2465,0.48,0.251
model - 1577686734,1577686735.095,0.48,0.2499,0.47,0.251
model - 1577686734,1577686735.123,0.41,0.2527,0.54,0.2491
model - 1577686734,1577686735.151,0.56,0.2494,0.51,0.2494
model - 1577686734,1577686735.175,0.44,0.2503,0.47,0.2502
model - 1577686734,1577686735.199,0.43,0.2509,0.6,0.2487
model - 1577686734,1577686735.223,0.59,0.2486,0.58,0.2492
model - 1577686734,1577686735.247,0.59,0.2492,0.62,0.2491
model - 1577686734,1577686735.273,0.62,0.2487,0.66,0.2481
model - 1577686734,1577686735.3,0.53,0.2489,0.5,0.249
model - 1577686734,1577686735.334,0.6,0.2465,0.43,0.2521
model - 1577686734,1577686735.366,0.49,0.2491,0.51,0.2488
model - 1577686734,1577686735.396,0.46,0.2501,0.53,0.2473
model - 1577686734,1577686735.42,0.58,0.2477,0.47,0.2513
model - 1577686734,1577686735.445,0.53,0.2471,0.54,0.2486
model - 1577686734,1577686735.47,0.51,0.2502,0.5,0.2489
model - 1577686734,1577686735.497,0.47,0.2522,0.62,0.2436
model - 1577686734,1577686735.523,0.66,0.2423,0.74,0.239
model - 1577686734,1577686735.547,0.58,0.2467,0.48,0.2501
model - 1577686734,1577686735.576,0.48,0.2467,0.44,0.2539
model - 1577686734,1577686735.603,0.57,0.2406,0.56,0.2397
model - 1577686734,1577686735.629,0.5,0.2485,0.55,0.2478
model - 1577686734,1577686735.654,0.64,0.2398,0.67,0.2381
model - 1577686734,1577686735.678,0.56,0.2461,0.66,0.2378
model - 1577686734,1577686735.704,0.54,0.2447,0.63,0.2369
model - 1577686734,1577686735.729,0.57,0.2449,0.65,0.2384
model - 1577686734,1577686735.753,0.65,0.2369,0.52,0.2395
model - 1577686734,1577686735.778,0.6,0.2317,0.53,0.2581
model - 1577686734,1577686735.802,0.58,0.2479,0.71,0.2184
model - 1577686734,1577686735.828,0.56,0.2382,0.52,0.2546
model - 1577686734,1577686735.853,0.68,0.2306,0.5,0.26
model - 1577686734,1577686735.878,0.63,0.2309,0.63,0.2383
model - 1577686734,1577686735.902,0.66,0.2217,0.6,0.2324
model - 1577686734,1577686735.928,0.71,0.2177,0.57,0.2347
model - 1577686734,1577686735.952,0.63,0.2331,0.58,0.2458
model - 1577686734,1577686735.983,0.53,0.2547,0.59,0.2421
model - 1577686734,1577686736.008,0.53,0.2534,0.63,0.2352
model - 1577686734,1577686736.034,0.58,0.2342,0.68,0.2281
model - 1577686734,1577686736.06,0.58,0.2465,0.59,0.2414
model - 1577686734,1577686736.084,0.58,0.2414,0.6,0.2392
model - 1577686734,1577686736.109,0.61,0.228,0.6,0.2356
model - 1577686734,1577686736.135,0.56,0.2436,0.59,0.2379
model - 1577686734,1577686736.159,0.64,0.2278,0.63,0.2351
model - 1577686734,1577686736.185,0.59,0.2416,0.59,0.2261
model - 1577686734,1577686736.213,0.65,0.2219,0.65,0.2249
model - 1577686734,1577686736.244,0.56,0.2452,0.62,0.2315
model - 1577686734,1577686736.268,0.56,0.2471,0.62,0.225
model - 1577686734,1577686736.292,0.61,0.2373,0.65,0.2209
model - 1577686734,1577686736.322,0.56,0.2565,0.64,0.2306
model - 1577686734,1577686736.354,0.68,0.2202,0.64,0.2287
model - 1577686734,1577686736.387,0.69,0.2207,0.66,0.2315
model - 1577686734,1577686736.416,0.58,0.2376,0.57,0.234
model - 1577686734,1577686736.443,0.65,0.2181,0.65,0.229
model - 1577686734,1577686736.472,0.61,0.2249,0.56,0.2303
model - 1577686734,1577686736.499,0.57,0.2454,0.56,0.2433
model - 1577686734,1577686736.526,0.7,0.214,0.52,0.2579
model - 1577686734,1577686736.555,0.55,0.2597,0.51,0.2644
model - 1577686734,1577686736.594,0.49,0.2785,0.58,0.2465
model - 1577686734,1577686736.632,0.61,0.2285,0.62,0.2223
model - 1577686734,1577686736.67,0.61,0.2389,0.53,0.2497
model - 1577686734,1577686736.697,0.59,0.2313,0.63,0.2248
model - 1577686734,1577686736.723,0.6,0.2369,0.6,0.2262
model - 1577686734,1577686736.748,0.55,0.2423,0.62,0.2326
model - 1577686734,1577686736.772,0.6,0.2407,0.68,0.2278
model - 1577686734,1577686736.796,0.64,0.2274,0.62,0.2397
model - 1577686734,1577686736.821,0.62,0.2345,0.73,0.2181
model - 1577686734,1577686736.848,0.57,0.2475,0.6,0.2401
model - 1577686734,1577686736.872,0.62,0.2384,0.59,0.2407
model - 1577686734,1577686736.897,0.58,0.2408,0.56,0.2423
model - 1577686734,1577686736.921,0.58,0.237,0.71,0.2175
model - 1577686734,1577686736.949,0.59,0.2296,0.6,0.2389
model - 1577686734,1577686736.975,0.57,0.2455,0.7,0.2215
model - 1577686734,1577686737.0,0.59,0.2343,0.64,0.229
model - 1577686734,1577686737.025,0.61,0.2344,0.58,0.2434
model - 1577686734,1577686737.053,0.55,0.2437,0.6,0.237
model - 1577686734,1577686737.08,0.65,0.2278,0.66,0.222
model - 1577686734,1577686737.105,0.59,0.2409,0.63,0.2317
model - 1577686734,1577686737.129,0.56,0.2379,0.59,0.2401
model - 1577686734,1577686737.155,0.64,0.2222,0.58,0.2495
model - 1577686734,1577686737.182,0.73,0.1982,0.61,0.2434
model - 1577686734,1577686737.206,0.62,0.2237,0.59,0.24
model - 1577686734,1577686737.23,0.62,0.2329,0.59,0.2417
model - 1577686734,1577686737.257,0.64,0.2324,0.63,0.228
model - 1577686734,1577686737.283,0.54,0.2454,0.53,0.2569
model - 1577686734,1577686737.308,0.62,0.2323,0.67,0.2252
model - 1577686734,1577686737.333,0.51,0.248,0.56,0.24
model - 1577686734,1577686737.359,0.61,0.2381,0.57,0.2552
model - 1577686734,1577686737.384,0.56,0.2384,0.59,0.2337
model - 1577686734,1577686737.408,0.52,0.2505,0.46,0.2634
model - 1577686734,1577686737.44,0.48,0.2553,0.61,0.2373
model - 1577686734,1577686737.467,0.64,0.2293,0.62,0.2282
model - 1577686734,1577686737.492,0.61,0.2428,0.61,0.2352
model - 1577686734,1577686737.517,0.56,0.25,0.61,0.2296
model - 1577686734,1577686737.543,0.53,0.2476,0.6,0.2425
model - 1577686734,1577686737.57,0.5,0.2371,0.58,0.2474
model - 1577686734,1577686737.595,0.53,0.254,0.55,0.2381
model - 1577686734,1577686737.625,0.64,0.2366,0.61,0.2308
model - 1577686734,1577686737.649,0.61,0.234,0.55,0.2416
model - 1577686734,1577686737.675,0.59,0.2363,0.65,0.2308
model - 1577686734,1577686737.7,0.63,0.2409,0.62,0.2282
model - 1577686734,1577686737.726,0.64,0.2286,0.59,0.2378
model - 1577686734,1577686737.75,0.62,0.2249,0.63,0.2315
model - 1577686734,1577686737.777,0.59,0.2384,0.58,0.2403
model - 1577686734,1577686737.802,0.52,0.2551,0.69,0.2148
model - 1577686734,1577686737.828,0.55,0.2439,0.64,0.2279
model - 1577686734,1577686737.853,0.58,0.2426,0.61,0.2282
model - 1577686734,1577686737.88,0.54,0.2492,0.61,0.2273
model - 1577686734,1577686737.911,0.63,0.2304,0.65,0.2274
model - 1577686734,1577686737.94,0.61,0.234,0.62,0.232
model - 1577686734,1577686737.965,0.58,0.238,0.55,0.2338
model - 1577686734,1577686737.992,0.61,0.2282,0.62,0.2363
model - 1577686734,1577686738.016,0.53,0.2403,0.66,0.2192
model - 1577686734,1577686738.041,0.6,0.2308,0.55,0.2313
model - 1577686734,1577686738.068,0.53,0.2457,0.55,0.2367
model - 1577686734,1577686738.094,0.55,0.2439,0.6,0.2347
model - 1577686734,1577686738.125,0.64,0.2341,0.69,0.2201
model - 1577686734,1577686738.161,0.63,0.2425,0.59,0.2306
model - 1577686734,1577686738.195,0.56,0.2456,0.6,0.2358
model - 1577686734,1577686738.222,0.63,0.233,0.58,0.2368
model - 1577686734,1577686738.247,0.59,0.2328,0.71,0.2152
model - 1577686734,1577686738.271,0.55,0.2444,0.63,0.2369
model - 1577686734,1577686738.296,0.6,0.2228,0.54,0.2438
model - 1577686734,1577686738.325,0.55,0.2242,0.67,0.2196
model - 1577686734,1577686738.349,0.55,0.2453,0.59,0.2365
model - 1577686734,1577686738.374,0.66,0.2285,0.57,0.2332
model - 1577686734,1577686738.399,0.73,0.2182,0.67,0.2161
model - 1577686734,1577686738.427,0.66,0.2249,0.68,0.2304
model - 1577686734,1577686738.451,0.61,0.2262,0.66,0.223
model - 1577686734,1577686738.476,0.63,0.2394,0.64,0.2179
model - 1577686734,1577686738.504,0.59,0.2357,0.69,0.2249
model - 1577686734,1577686738.53,0.55,0.2453,0.62,0.2201
model - 1577686734,1577686738.558,0.62,0.2211,0.62,0.2327
model - 1577686734,1577686738.585,0.57,0.2358,0.65,0.2148
model - 1577686734,1577686738.611,0.64,0.2364,0.68,0.2056
model - 1577686734,1577686738.643,0.63,0.2308,0.58,0.2344
model - 1577686734,1577686738.669,0.64,0.2271,0.58,0.2376
model - 1577686734,1577686738.695,0.66,0.2147,0.56,0.244
model - 1577686734,1577686738.721,0.59,0.2475,0.67,0.219
model - 1577686734,1577686738.748,0.69,0.2128,0.62,0.224
model - 1577686734,1577686738.772,0.62,0.2191,0.66,0.2102
model - 1577686734,1577686738.797,0.69,0.2086,0.63,0.2144
model - 1577686734,1577686738.821,0.6,0.2358,0.7,0.2076
model - 1577686734,1577686738.847,0.69,0.2008,0.67,0.2263
model - 1577686734,1577686738.874,0.7,0.2009,0.74,0.1858
model - 1577686734,1577686738.899,0.68,0.2093,0.72,0.1882
model - 1577686734,1577686738.923,0.6,0.2406,0.64,0.2169
model - 1577686734,1577686738.947,0.6,0.222,0.65,0.2106
model - 1577686734,1577686738.974,0.57,0.2267,0.55,0.2438
model - 1577686734,1577686738.998,0.57,0.2239,0.67,0.2072
model - 1577686734,1577686739.024,0.66,0.2072,0.57,0.2197
model - 1577686734,1577686739.049,0.64,0.2339,0.65,0.2257
model - 1577686734,1577686739.076,0.63,0.2419,0.71,0.2089
model - 1577686734,1577686739.1,0.62,0.2267,0.6,0.2308
model - 1577686734,1577686739.125,0.61,0.2426,0.63,0.2305
model - 1577686734,1577686739.151,0.64,0.2158,0.66,0.2146
model - 1577686734,1577686739.178,0.58,0.2366,0.6,0.2151
model - 1577686734,1577686739.202,0.62,0.2256,0.68,0.2206
model - 1577686734,1577686739.226,0.69,0.2231,0.73,0.205
model - 1577686734,1577686739.252,0.63,0.2272,0.67,0.2154
model - 1577686734,1577686739.282,0.61,0.2269,0.69,0.2045
model - 1577686734,1577686739.306,0.65,0.2229,0.62,0.2095
model - 1577686734,1577686739.33,0.59,0.2308,0.71,0.2233
model - 1577686734,1577686739.354,0.75,0.2092,0.55,0.2438
model - 1577686734,1577686739.384,0.66,0.2188,0.74,0.1987
model - 1577686734,1577686739.409,0.65,0.2066,0.66,0.2147
model - 1577686734,1577686739.434,0.6,0.2333,0.66,0.2124
model - 1577686734,1577686739.461,0.66,0.2003,0.64,0.219
model - 1577686734,1577686739.488,0.56,0.2356,0.62,0.2408
model - 1577686734,1577686739.515,0.69,0.2142,0.57,0.2138
model - 1577686734,1577686739.54,0.63,0.2167,0.65,0.2233
model - 1577686734,1577686739.573,0.63,0.2244,0.63,0.2375
model - 1577686734,1577686739.602,0.64,0.2256,0.68,0.2081
model - 1577686734,1577686739.627,0.58,0.2298,0.62,0.223
model - 1577686734,1577686739.655,0.61,0.2201,0.54,0.254
model - 1577686734,1577686739.683,0.64,0.221,0.58,0.2321
model - 1577686734,1577686739.71,0.56,0.2427,0.68,0.203
model - 1577686734,1577686739.734,0.68,0.2138,0.63,0.2287
model - 1577686734,1577686739.759,0.66,0.224,0.66,0.2139
model - 1577686734,1577686739.784,0.65,0.214,0.67,0.22
model - 1577686734,1577686739.811,0.6,0.2342,0.59,0.2348
model - 1577686734,1577686739.835,0.59,0.2307,0.69,0.2062
model - 1577686734,1577686739.86,0.65,0.2252,0.62,0.2116
model - 1577686734,1577686739.886,0.66,0.2222,0.64,0.2336
model - 1577686734,1577686739.912,0.56,0.2463,0.74,0.1978
model - 1577686734,1577686739.937,0.65,0.2248,0.67,0.2052
model - 1577686734,1577686739.962,0.68,0.2135,0.59,0.2274
model - 1577686734,1577686739.986,0.54,0.2715,0.68,0.2046
model - 1577686734,1577686740.011,0.69,0.2195,0.5,0.2672
model - 1577686734,1577686740.038,0.68,0.2239,0.54,0.257
model - 1577686734,1577686740.063,0.57,0.2305,0.65,0.2079
model - 1577686734,1577686740.088,0.69,0.2012,0.66,0.2067
model - 1577686734,1577686740.112,0.68,0.2029,0.56,0.246
model - 1577686734,1577686740.141,0.61,0.23,0.73,0.2021
model - 1577686734,1577686740.168,0.63,0.2379,0.66,0.2353
model - 1577686734,1577686740.196,0.65,0.2181,0.7,0.1883
model - 1577686734,1577686740.223,0.62,0.237,0.57,0.2496
model - 1577686734,1577686740.26,0.67,0.2306,0.67,0.2069
model - 1577686734,1577686740.289,0.67,0.2171,0.65,0.2026
model - 1577686734,1577686740.319,0.65,0.2216,0.67,0.208
model - 1577686734,1577686740.351,0.72,0.2271,0.68,0.2114
model - 1577686734,1577686740.386,0.68,0.2076,0.68,0.208
model - 1577686734,1577686740.411,0.64,0.231,0.66,0.2213
model - 1577686734,1577686740.435,0.57,0.2371,0.66,0.2035
model - 1577686734,1577686740.461,0.58,0.2468,0.74,0.2053
model - 1577686734,1577686740.489,0.54,0.2465,0.72,0.2034
model - 1577686734,1577686740.513,0.59,0.2369,0.7,0.2035
model - 1577686734,1577686740.538,0.68,0.2149,0.65,0.2304
model - 1577686734,1577686740.563,0.66,0.2127,0.57,0.2313
model - 1577686734,1577686740.589,0.67,0.22,0.66,0.2285
model - 1577686734,1577686740.622,0.66,0.2137,0.71,0.1981
model - 1577686734,1577686740.653,0.71,0.2021,0.64,0.2138
model - 1577686734,1577686740.688,0.68,0.1976,0.61,0.2302
model - 1577686734,1577686740.715,0.71,0.1985,0.69,0.2103
model - 1577686734,1577686740.74,0.64,0.208,0.7,0.207
model - 1577686734,1577686740.764,0.64,0.2365,0.69,0.1868
model - 1577686734,1577686740.79,0.7,0.2056,0.77,0.174
model - 1577686734,1577686740.816,0.62,0.2281,0.67,0.2182
model - 1577686734,1577686740.841,0.54,0.2639,0.76,0.1749
model - 1577686734,1577686740.858,0.67,0.2049,0.61,0.2051
model - 1577686734,1577686740.886,0.69,0.1912,0.62,0.2065
model - 1577686734,1577686740.912,0.8,0.1781,0.68,0.2064
model - 1577686734,1577686740.937,0.55,0.2515,0.61,0.2322
model - 1577686734,1577686740.962,0.72,0.1917,0.59,0.235
model - 1577686734,1577686740.988,0.65,0.2161,0.72,0.1905
model - 1577686734,1577686741.012,0.55,0.2621,0.65,0.2269
model - 1577686734,1577686741.036,0.73,0.1829,0.71,0.2028
model - 1577686734,1577686741.062,0.66,0.2236,0.76,0.1825
model - 1577686734,1577686741.088,0.7,0.202,0.77,0.1953
model - 1577686734,1577686741.114,0.73,0.1985,0.63,0.2041
model - 1577686734,1577686741.138,0.62,0.2209,0.64,0.2121
model - 1577686734,1577686741.167,0.48,0.2656,0.71,0.1928
model - 1577686734,1577686741.206,0.75,0.1747,0.73,0.1772
model - 1577686734,1577686741.243,0.63,0.2132,0.68,0.2168
model - 1577686734,1577686741.269,0.69,0.203,0.65,0.2225
model - 1577686734,1577686741.295,0.7,0.2082,0.73,0.19
model - 1577686734,1577686741.32,0.71,0.2013,0.69,0.2046
model - 1577686734,1577686741.347,0.71,0.2075,0.68,0.2032
model - 1577686734,1577686741.371,0.7,0.1949,0.69,0.1946
model - 1577686734,1577686741.396,0.75,0.1842,0.72,0.1834
model - 1577686734,1577686741.423,0.6,0.2439,0.6,0.238
model - 1577686734,1577686741.45,0.66,0.2021,0.69,0.2054
model - 1577686734,1577686741.475,0.73,0.1954,0.69,0.2021
model - 1577686734,1577686741.499,0.69,0.1917,0.7,0.1852
model - 1577686734,1577686741.524,0.7,0.1912,0.63,0.2065
model - 1577686734,1577686741.552,0.71,0.1947,0.71,0.1955
model - 1577686734,1577686741.578,0.75,0.1911,0.67,0.2163
model - 1577686734,1577686741.602,0.68,0.2178,0.7,0.2051
model - 1577686734,1577686741.626,0.71,0.2041,0.59,0.243
model - 1577686734,1577686741.653,0.7,0.2074,0.57,0.2442
model - 1577686734,1577686741.687,0.59,0.2479,0.72,0.1822
model - 1577686734,1577686741.715,0.62,0.2269,0.75,0.1778
model - 1577686734,1577686741.74,0.72,0.1886,0.63,0.2288
model - 1577686734,1577686741.767,0.68,0.187,0.8,0.1583
model - 1577686734,1577686741.792,0.76,0.1963,0.75,0.177
model - 1577686734,1577686741.816,0.67,0.2109,0.72,0.1835
model - 1577686734,1577686741.84,0.76,0.1759,0.71,0.1987
model - 1577686734,1577686741.868,0.76,0.1848,0.71,0.1946
model - 1577686734,1577686741.894,0.7,0.1973,0.71,0.1981
model - 1577686734,1577686741.92,0.68,0.2065,0.68,0.2189
model - 1577686734,1577686741.946,0.67,0.184,0.65,0.2234
model - 1577686734,1577686741.973,0.55,0.2302,0.66,0.2116
model - 1577686734,1577686741.999,0.68,0.2101,0.67,0.2164
model - 1577686734,1577686742.024,0.67,0.2063,0.7,0.1988
model - 1577686734,1577686742.049,0.67,0.1973,0.72,0.1825
model - 1577686734,1577686742.078,0.68,0.2044,0.66,0.2064
model - 1577686734,1577686742.103,0.69,0.2057,0.67,0.2047
model - 1577686734,1577686742.127,0.61,0.2048,0.68,0.1991
model - 1577686734,1577686742.151,0.76,0.182,0.68,0.2178
model - 1577686734,1577686742.179,0.62,0.2256,0.69,0.1986
model - 1577686734,1577686742.203,0.74,0.1799,0.76,0.187
model - 1577686734,1577686742.231,0.69,0.2102,0.73,0.1734
model - 1577686734,1577686742.257,0.73,0.1973,0.63,0.233
model - 1577686734,1577686742.285,0.64,0.2119,0.71,0.195
model - 1577686734,1577686742.309,0.62,0.244,0.79,0.1778
model - 1577686734,1577686742.338,0.71,0.1817,0.64,0.2072
model - 1577686734,1577686742.374,0.76,0.1755,0.69,0.2139
model - 1577686734,1577686742.414,0.65,0.2185,0.67,0.2027
model - 1577686734,1577686742.448,0.78,0.1739,0.73,0.2018
model - 1577686734,1577686742.484,0.68,0.2017,0.69,0.2073
model - 1577686734,1577686742.51,0.68,0.2144,0.65,0.2222
model - 1577686734,1577686742.539,0.73,0.184,0.62,0.2368
model - 1577686734,1577686742.564,0.63,0.2091,0.67,0.202
model - 1577686734,1577686742.588,0.6,0.2205,0.67,0.2226
model - 1577686734,1577686742.613,0.76,0.1763,0.7,0.1934
model - 1577686734,1577686742.641,0.59,0.2422,0.73,0.1738
model - 1577686734,1577686742.665,0.61,0.2253,0.62,0.2198
model - 1577686734,1577686742.69,0.66,0.206,0.74,0.1713
model - 1577686734,1577686742.722,0.75,0.1694,0.65,0.2077
model - 1577686734,1577686742.764,0.6,0.2417,0.65,0.2215
model - 1577686734,1577686742.799,0.73,0.1904,0.64,0.2242
model - 1577686734,1577686742.835,0.72,0.1964,0.72,0.1933
model - 1577686734,1577686742.869,0.63,0.2334,0.69,0.1956
model - 1577686734,1577686742.901,0.65,0.208,0.72,0.1885
model - 1577686734,1577686742.926,0.61,0.229,0.76,0.1725
model - 1577686734,1577686742.95,0.68,0.1995,0.68,0.209
model - 1577686734,1577686742.974,0.65,0.2075,0.74,0.1873
model - 1577686734,1577686743.002,0.64,0.208,0.75,0.1961
model - 1577686734,1577686743.027,0.72,0.195,0.72,0.1992
model - 1577686734,1577686743.051,0.62,0.2296,0.75,0.1736
model - 1577686734,1577686743.076,0.63,0.2351,0.7,0.1962
model - 1577686734,1577686743.106,0.64,0.2058,0.74,0.2024
model - 1577686734,1577686743.132,0.71,0.2076,0.63,0.2224
model - 1577686734,1577686743.156,0.63,0.2254,0.65,0.2002
model - 1577686734,1577686743.181,0.72,0.1868,0.77,0.1796
model - 1577686734,1577686743.207,0.75,0.1647,0.62,0.2056
model - 1577686734,1577686743.233,0.73,0.1959,0.71,0.1892
model - 1577686734,1577686743.258,0.68,0.1989,0.71,0.1803
model - 1577686734,1577686743.283,0.68,0.1973,0.67,0.2083
model - 1577686734,1577686743.309,0.76,0.1744,0.72,0.1931
model - 1577686734,1577686743.333,0.73,0.1886,0.69,0.201
model - 1577686734,1577686743.358,0.62,0.2164,0.79,0.165
model - 1577686734,1577686743.385,0.64,0.2251,0.71,0.1894
model - 1577686734,1577686743.412,0.64,0.2197,0.68,0.2085
model - 1577686734,1577686743.436,0.68,0.2019,0.73,0.1923
model - 1577686734,1577686743.461,0.79,0.1745,0.67,0.2023
model - 1577686734,1577686743.489,0.65,0.213,0.69,0.2103
model - 1577686734,1577686743.516,0.68,0.1994,0.7,0.2077
model - 1577686734,1577686743.541,0.63,0.2375,0.7,0.1907
model - 1577686734,1577686743.567,0.64,0.2154,0.71,0.2069
model - 1577686734,1577686743.593,0.65,0.2026,0.76,0.1707
model - 1577686734,1577686743.62,0.67,0.2099,0.74,0.1738
model - 1577686734,1577686743.644,0.73,0.1878,0.63,0.2159
model - 1577686734,1577686743.669,0.69,0.1852,0.68,0.2055
model - 1577686734,1577686743.694,0.63,0.2379,0.72,0.1934
model - 1577686734,1577686743.721,0.66,0.2114,0.7,0.2101
model - 1577686734,1577686743.749,0.7,0.1887,0.72,0.2091
model - 1577686734,1577686743.776,0.76,0.1808,0.65,0.2039
model - 1577686734,1577686743.808,0.71,0.1915,0.76,0.1572
model - 1577686734,1577686743.834,0.68,0.2262,0.7,0.2143
model - 1577686734,1577686743.859,0.64,0.2219,0.67,0.2062
model - 1577686734,1577686743.884,0.69,0.2057,0.7,0.1847
model - 1577686734,1577686743.908,0.66,0.2143,0.8,0.1687
model - 1577686734,1577686743.932,0.69,0.2012,0.63,0.2135
model - 1577686734,1577686743.96,0.7,0.1896,0.68,0.2171
model - 1577686734,1577686743.985,0.73,0.1904,0.67,0.2059
model - 1577686734,1577686744.009,0.72,0.204,0.64,0.1955
model - 1577686734,1577686744.033,0.72,0.213,0.76,0.1803
model - 1577686734,1577686744.061,0.65,0.2182,0.75,0.1612
model - 1577686734,1577686744.089,0.65,0.2203,0.73,0.1906
model - 1577686734,1577686744.113,0.69,0.2091,0.73,0.1866
model - 1577686734,1577686744.137,0.68,0.2004,0.6,0.2262
model - 1577686734,1577686744.164,0.66,0.2203,0.73,0.1863
model - 1577686734,1577686744.189,0.64,0.2228,0.6,0.2267
model - 1577686734,1577686744.213,0.62,0.222,0.67,0.2119
model - 1577686734,1577686744.239,0.63,0.2225,0.63,0.2273
model - 1577686734,1577686744.266,0.7,0.2064,0.65,0.2094
model - 1577686734,1577686744.292,0.67,0.2098,0.63,0.1981
model - 1577686734,1577686744.318,0.66,0.2051,0.73,0.1818
model - 1577686734,1577686744.343,0.75,0.191,0.74,0.1752
model - 1577686734,1577686744.37,0.75,0.177,0.79,0.155
model - 1577686734,1577686744.396,0.75,0.1741,0.66,0.2189
model - 1577686734,1577686744.423,0.7,0.1879,0.7,0.1844
model - 1577686734,1577686744.447,0.7,0.199,0.77,0.1707
model - 1577686734,1577686744.474,0.65,0.2114,0.74,0.1816
model - 1577686734,1577686744.499,0.64,0.2023,0.71,0.1839
model - 1577686734,1577686744.525,0.69,0.1878,0.68,0.196
model - 1577686734,1577686744.55,0.65,0.2055,0.76,0.1633
model - 1577686734,1577686744.577,0.7,0.2117,0.79,0.1674
model - 1577686734,1577686744.601,0.7,0.193,0.7,0.1951
model - 1577686734,1577686744.626,0.76,0.1933,0.68,0.2002
model - 1577686734,1577686744.652,0.75,0.191,0.77,0.1566
model - 1577686734,1577686744.679,0.7,0.1806,0.78,0.154
model - 1577686734,1577686744.703,0.7,0.2123,0.69,0.1771
model - 1577686734,1577686744.729,0.79,0.1666,0.71,0.193
model - 1577686734,1577686744.754,0.78,0.1537,0.7,0.1705
model - 1577686734,1577686744.786,0.72,0.1844,0.67,0.1995
model - 1577686734,1577686744.812,0.64,0.1965,0.72,0.1948
model - 1577686734,1577686744.837,0.73,0.1657,0.69,0.1891
model - 1577686734,1577686744.87,0.81,0.1601,0.77,0.1636
model - 1577686734,1577686744.902,0.74,0.1726,0.83,0.1303
model - 1577686734,1577686744.927,0.73,0.1989,0.69,0.1899
model - 1577686734,1577686744.952,0.66,0.2189,0.72,0.1852
model - 1577686734,1577686744.977,0.78,0.1709,0.74,0.1815
model - 1577686734,1577686745.003,0.75,0.1707,0.7,0.1917
model - 1577686734,1577686745.03,0.76,0.1747,0.78,0.1522
model - 1577686734,1577686745.055,0.73,0.1934,0.76,0.1548
model - 1577686734,1577686745.081,0.65,0.1983,0.61,0.2251
model - 1577686734,1577686745.109,0.66,0.2269,0.8,0.1427
model - 1577686734,1577686745.134,0.74,0.191,0.63,0.2223
model - 1577686734,1577686745.159,0.73,0.1725,0.74,0.1746
model - 1577686734,1577686745.185,0.74,0.1811,0.75,0.163
model - 1577686734,1577686745.212,0.63,0.2109,0.71,0.2102
model - 1577686734,1577686745.236,0.67,0.2083,0.68,0.1919
model - 1577686734,1577686745.261,0.71,0.1812,0.74,0.1903
model - 1577686734,1577686745.286,0.8,0.1665,0.71,0.1851
model - 1577686734,1577686745.314,0.74,0.1772,0.72,0.2051
model - 1577686734,1577686745.339,0.68,0.2094,0.62,0.2535
model - 1577686734,1577686745.364,0.7,0.1889,0.77,0.1871
model - 1577686734,1577686745.388,0.67,0.2077,0.72,0.1765
model - 1577686734,1577686745.416,0.69,0.2029,0.69,0.1884
model - 1577686734,1577686745.441,0.58,0.2485,0.75,0.1696
model - 1577686734,1577686745.465,0.79,0.1622,0.74,0.1934
model - 1577686734,1577686745.49,0.68,0.1979,0.72,0.1845
model - 1577686734,1577686745.519,0.82,0.1551,0.7,0.1925
model - 1577686734,1577686745.543,0.73,0.1776,0.81,0.1533
model - 1577686734,1577686745.568,0.8,0.177,0.67,0.223
model - 1577686734,1577686745.592,0.72,0.1993,0.63,0.2363
model - 1577686734,1577686745.621,0.71,0.1891,0.68,0.1965
model - 1577686734,1577686745.646,0.69,0.2143,0.73,0.1959
model - 1577686734,1577686745.67,0.67,0.1918,0.67,0.1912
model - 1577686734,1577686745.694,0.63,0.2324,0.74,0.1769
model - 1577686734,1577686745.722,0.7,0.1799,0.67,0.1858
model - 1577686734,1577686745.747,0.77,0.1651,0.71,0.1716
model - 1577686734,1577686745.771,0.76,0.1674,0.7,0.1761
model - 1577686734,1577686745.798,0.69,0.1955,0.74,0.1787
model - 1577686734,1577686745.83,0.7,0.1916,0.73,0.1768
model - 1577686734,1577686745.855,0.63,0.2072,0.7,0.1846
model - 1577686734,1577686745.881,0.7,0.1842,0.73,0.1674
model - 1577686734,1577686745.911,0.69,0.1867,0.79,0.1597
model - 1577686734,1577686745.949,0.66,0.2121,0.69,0.2084
model - 1577686734,1577686745.982,0.67,0.1967,0.77,0.1784
model - 1577686734,1577686746.009,0.58,0.2587,0.74,0.179
model - 1577686734,1577686746.033,0.72,0.1851,0.75,0.167
model - 1577686734,1577686746.063,0.69,0.1983,0.65,0.2015
model - 1577686734,1577686746.088,0.67,0.1917,0.74,0.1693
model - 1577686734,1577686746.112,0.77,0.1666,0.7,0.2135
model - 1577686734,1577686746.137,0.77,0.1544,0.74,0.1817
model - 1577686734,1577686746.165,0.72,0.1845,0.76,0.1673
model - 1577686734,1577686746.191,0.71,0.1937,0.75,0.1734
model - 1577686734,1577686746.215,0.77,0.1722,0.74,0.1846
model - 1577686734,1577686746.24,0.71,0.1925,0.69,0.2033
model - 1577686734,1577686746.267,0.77,0.1721,0.78,0.1457
model - 1577686734,1577686746.292,0.73,0.1745,0.76,0.1789
model - 1577686734,1577686746.323,0.69,0.1901,0.69,0.19
model - 1577686734,1577686746.353,0.65,0.2264,0.72,0.1907
model - 1577686734,1577686746.389,0.78,0.1871,0.73,0.1752
model - 1577686734,1577686746.415,0.74,0.1852,0.7,0.1947
model - 1577686734,1577686746.44,0.71,0.1905,0.7,0.1866
model - 1577686734,1577686746.465,0.71,0.1916,0.72,0.2004
model - 1577686734,1577686746.493,0.68,0.2125,0.68,0.1864
model - 1577686734,1577686746.518,0.68,0.2039,0.67,0.215
model - 1577686734,1577686746.542,0.73,0.1863,0.83,0.1479
model - 1577686734,1577686746.569,0.77,0.1606,0.7,0.1771
model - 1577686734,1577686746.602,0.74,0.1761,0.81,0.1388
model - 1577686734,1577686746.63,0.72,0.1804,0.7,0.1864
model - 1577686734,1577686746.658,0.8,0.1656,0.77,0.1547
model - 1577686734,1577686746.683,0.76,0.165,0.69,0.2004
model - 1577686734,1577686746.711,0.7,0.1824,0.79,0.1518
model - 1577686734,1577686746.735,0.73,0.1894,0.71,0.1723
model - 1577686734,1577686746.759,0.7,0.1971,0.79,0.1548
model - 1577686734,1577686746.784,0.72,0.1842,0.73,0.2086
model - 1577686734,1577686746.812,0.65,0.201,0.79,0.1594
model - 1577686734,1577686746.84,0.69,0.2088,0.65,0.2046
model - 1577686734,1577686746.857,0.71,0.1605,0.73,0.1831
model - 1577686734,1577686746.885,0.77,0.1628,0.73,0.1957
model - 1577686734,1577686746.909,0.78,0.1559,0.76,0.1851
model - 1577686734,1577686746.934,0.67,0.2026,0.67,0.2046
model - 1577686734,1577686746.962,0.76,0.1627,0.69,0.2151
model - 1577686734,1577686746.995,0.67,0.2171,0.67,0.197
model - 1577686734,1577686747.02,0.67,0.2081,0.72,0.1943
model - 1577686734,1577686747.045,0.81,0.1529,0.79,0.1389
model - 1577686734,1577686747.071,0.71,0.1764,0.73,0.1704
model - 1577686734,1577686747.097,0.76,0.1619,0.61,0.2137
model - 1577686734,1577686747.121,0.79,0.1535,0.7,0.2059
model - 1577686734,1577686747.145,0.8,0.1421,0.76,0.1795
model - 1577686734,1577686747.171,0.69,0.1992,0.71,0.2048
model - 1577686734,1577686747.195,0.78,0.1659,0.8,0.1392
model - 1577686734,1577686747.221,0.73,0.1939,0.74,0.1806
model - 1577686734,1577686747.246,0.8,0.1446,0.74,0.1633
model - 1577686734,1577686747.272,0.76,0.1606,0.67,0.2103
model - 1577686734,1577686747.296,0.7,0.1973,0.75,0.1872
model - 1577686734,1577686747.322,0.7,0.1853,0.63,0.2128
model - 1577686734,1577686747.346,0.79,0.148,0.76,0.1663
model - 1577686734,1577686747.371,0.8,0.1553,0.67,0.1925
model - 1577686734,1577686747.397,0.7,0.2112,0.69,0.1914
model - 1577686734,1577686747.424,0.77,0.1584,0.73,0.187
model - 1577686734,1577686747.448,0.74,0.1792,0.79,0.1534
model - 1577686734,1577686747.473,0.74,0.1631,0.69,0.2014
model - 1577686734,1577686747.5,0.68,0.1892,0.77,0.1755
model - 1577686734,1577686747.526,0.78,0.1565,0.81,0.1396
model - 1577686734,1577686747.55,0.77,0.1708,0.71,0.197
model - 1577686734,1577686747.574,0.74,0.1798,0.78,0.1612
model - 1577686734,1577686747.601,0.74,0.1817,0.75,0.1694
model - 1577686734,1577686747.627,0.8,0.1673,0.7,0.1712
model - 1577686734,1577686747.651,0.68,0.2024,0.7,0.1956
model - 1577686734,1577686747.675,0.73,0.1909,0.76,0.1621
model - 1577686734,1577686747.7,0.72,0.1986,0.66,0.2074
model - 1577686734,1577686747.726,0.73,0.1576,0.75,0.1689
model - 1577686734,1577686747.752,0.74,0.171,0.77,0.1711
model - 1577686734,1577686747.777,0.74,0.1785,0.73,0.1907
model - 1577686734,1577686747.802,0.73,0.1857,0.79,0.1438
model - 1577686734,1577686747.828,0.8,0.1529,0.65,0.2039
model - 1577686734,1577686747.858,0.73,0.1666,0.69,0.2149
model - 1577686734,1577686747.883,0.73,0.1723,0.71,0.1984
model - 1577686734,1577686747.909,0.76,0.1455,0.66,0.2178
model - 1577686734,1577686747.933,0.64,0.2236,0.76,0.1591
model - 1577686734,1577686747.959,0.72,0.1695,0.75,0.1817
model - 1577686734,1577686747.983,0.7,0.1856,0.7,0.1843
model - 1577686734,1577686748.007,0.78,0.1659,0.71,0.1845
model - 1577686734,1577686748.048,0.73,0.1906,0.73,0.1822
model - 1577686734,1577686748.086,0.71,0.19,0.83,0.1398
model - 1577686734,1577686748.111,0.78,0.1566,0.69,0.1923
model - 1577686734,1577686748.137,0.74,0.1669,0.79,0.1655
model - 1577686734,1577686748.162,0.66,0.2143,0.75,0.1668
model - 1577686734,1577686748.188,0.78,0.1492,0.69,0.1791
model - 1577686734,1577686748.213,0.71,0.2007,0.74,0.1868
model - 1577686734,1577686748.242,0.73,0.1829,0.76,0.1617
model - 1577686734,1577686748.267,0.68,0.1989,0.76,0.1459
model - 1577686734,1577686748.293,0.65,0.2165,0.75,0.1724
model - 1577686734,1577686748.319,0.73,0.167,0.7,0.1898
model - 1577686734,1577686748.343,0.75,0.1531,0.75,0.1816
model - 1577686734,1577686748.368,0.69,0.2084,0.75,0.1864
model - 1577686734,1577686748.394,0.76,0.1513,0.8,0.1448
model - 1577686734,1577686748.418,0.75,0.1709,0.73,0.168
model - 1577686734,1577686748.443,0.72,0.1938,0.76,0.1643
model - 1577686734,1577686748.467,0.79,0.1519,0.75,0.1574
model - 1577686734,1577686748.491,0.77,0.1629,0.73,0.2055
model - 1577686734,1577686748.517,0.74,0.1754,0.7,0.2046
model - 1577686734,1577686748.544,0.78,0.146,0.68,0.1975
model - 1577686734,1577686748.569,0.72,0.1963,0.69,0.2025
model - 1577686734,1577686748.595,0.69,0.2017,0.69,0.1993
model - 1577686734,1577686748.62,0.68,0.1912,0.79,0.1542
model - 1577686734,1577686748.645,0.77,0.1565,0.74,0.1574
model - 1577686734,1577686748.671,0.72,0.186,0.71,0.2087
model - 1577686734,1577686748.696,0.72,0.1741,0.79,0.1477
model - 1577686734,1577686748.722,0.74,0.1678,0.7,0.187
model - 1577686734,1577686748.747,0.64,0.2218,0.65,0.2049
model - 1577686734,1577686748.774,0.68,0.1941,0.7,0.1817
model - 1577686734,1577686748.799,0.62,0.223,0.61,0.2146
model - 1577686734,1577686748.825,0.78,0.167,0.76,0.1719
model - 1577686734,1577686748.849,0.72,0.1879,0.73,0.1564
model - 1577686734,1577686748.878,0.73,0.1668,0.65,0.1886
model - 1577686734,1577686748.904,0.75,0.1642,0.69,0.1954
model - 1577686734,1577686748.93,0.66,0.2141,0.71,0.2046
model - 1577686734,1577686748.954,0.65,0.2246,0.7,0.1963
model - 1577686734,1577686748.979,0.71,0.1953,0.82,0.1298
model - 1577686734,1577686749.004,0.73,0.1816,0.77,0.1473
model - 1577686734,1577686749.03,0.68,0.2183,0.72,0.1823
model - 1577686734,1577686749.058,0.74,0.1825,0.73,0.1762
model - 1577686734,1577686749.093,0.78,0.1387,0.81,0.1526
model - 1577686734,1577686749.12,0.73,0.1764,0.76,0.1466
model - 1577686734,1577686749.146,0.74,0.1842,0.77,0.1473
model - 1577686734,1577686749.17,0.72,0.1847,0.72,0.1918
model - 1577686734,1577686749.194,0.8,0.1474,0.77,0.1588
model - 1577686734,1577686749.219,0.78,0.154,0.71,0.1653
model - 1577686734,1577686749.244,0.63,0.2134,0.74,0.1666
model - 1577686734,1577686749.27,0.68,0.1958,0.72,0.1729
model - 1577686734,1577686749.294,0.71,0.1964,0.79,0.1393
model - 1577686734,1577686749.318,0.75,0.1683,0.77,0.175
model - 1577686734,1577686749.344,0.79,0.1518,0.77,0.1675
model - 1577686734,1577686749.371,0.73,0.1903,0.75,0.1776
model - 1577686734,1577686749.396,0.76,0.1629,0.77,0.1685
model - 1577686734,1577686749.421,0.7,0.1942,0.72,0.1844
model - 1577686734,1577686749.446,0.68,0.191,0.78,0.1584
model - 1577686734,1577686749.475,0.71,0.1847,0.68,0.1836
model - 1577686734,1577686749.499,0.74,0.1782,0.78,0.1488
model - 1577686734,1577686749.524,0.78,0.1502,0.8,0.1434
model - 1577686734,1577686749.553,0.75,0.1711,0.74,0.189
model - 1577686734,1577686749.595,0.74,0.182,0.72,0.1979
model - 1577686734,1577686749.622,0.74,0.1828,0.67,0.1995
model - 1577686734,1577686749.646,0.72,0.177,0.77,0.1482
model - 1577686734,1577686749.67,0.77,0.1707,0.69,0.1924
model - 1577686734,1577686749.698,0.7,0.1761,0.78,0.1564
model - 1577686734,1577686749.722,0.73,0.1879,0.67,0.198
model - 1577686734,1577686749.746,0.72,0.1993,0.76,0.1639
model - 1577686734,1577686749.77,0.75,0.1855,0.75,0.1653
model - 1577686734,1577686749.794,0.71,0.1814,0.82,0.1409
model - 1577686734,1577686749.821,0.78,0.1483,0.7,0.192
model - 1577686734,1577686749.845,0.8,0.1575,0.75,0.169
model - 1577686734,1577686749.869,0.79,0.1539,0.75,0.1658
model - 1577686734,1577686749.898,0.75,0.1493,0.76,0.1499
model - 1577686734,1577686749.926,0.71,0.1952,0.7,0.1888
model - 1577686734,1577686749.95,0.7,0.1912,0.71,0.1742
model - 1577686734,1577686749.975,0.7,0.1898,0.7,0.1657
model - 1577686734,1577686749.999,0.74,0.1727,0.8,0.1381
model - 1577686734,1577686750.025,0.74,0.1633,0.7,0.1857
model - 1577686734,1577686750.049,0.72,0.1708,0.69,0.1931
model - 1577686734,1577686750.078,0.71,0.2037,0.71,0.1884
model - 1577686734,1577686750.103,0.71,0.1917,0.7,0.1978
model - 1577686734,1577686750.13,0.76,0.1797,0.75,0.168
model - 1577686734,1577686750.165,0.8,0.1471,0.8,0.1275
model - 1577686734,1577686750.197,0.62,0.2323,0.74,0.1909
model - 1577686734,1577686750.223,0.63,0.2302,0.76,0.1552
model - 1577686734,1577686750.248,0.78,0.16,0.82,0.1216
model - 1577686734,1577686750.272,0.82,0.1419,0.72,0.1751
model - 1577686734,1577686750.296,0.77,0.1742,0.77,0.1582
model - 1577686734,1577686750.323,0.77,0.137,0.75,0.1521
model - 1577686734,1577686750.349,0.71,0.1821,0.82,0.122
model - 1577686734,1577686750.373,0.65,0.2023,0.71,0.1986
model - 1577686734,1577686750.397,0.7,0.1854,0.81,0.1285
model - 1577686734,1577686750.421,0.76,0.16,0.8,0.1417
model - 1577686734,1577686750.446,0.7,0.1891,0.74,0.1736
model - 1577686734,1577686750.472,0.82,0.1522,0.74,0.1889
model - 1577686734,1577686750.496,0.71,0.1869,0.75,0.1653
model - 1577686734,1577686750.522,0.75,0.1817,0.76,0.1535
model - 1577686734,1577686750.547,0.79,0.1695,0.78,0.1574
model - 1577686734,1577686750.573,0.77,0.1611,0.73,0.1778
model - 1577686734,1577686750.597,0.78,0.185,0.76,0.1604
model - 1577686734,1577686750.624,0.78,0.1481,0.76,0.1587
model - 1577686734,1577686750.648,0.8,0.1379,0.71,0.1955
model - 1577686734,1577686750.674,0.77,0.1574,0.79,0.1526
model - 1577686734,1577686750.699,0.68,0.1869,0.83,0.1388
model - 1577686734,1577686750.724,0.8,0.1297,0.78,0.1505
model - 1577686734,1577686750.749,0.8,0.1459,0.83,0.1297
model - 1577686734,1577686750.775,0.76,0.1564,0.67,0.2157
model - 1577686734,1577686750.801,0.74,0.1683,0.79,0.1424
model - 1577686734,1577686750.825,0.68,0.2004,0.63,0.197
model - 1577686734,1577686750.849,0.74,0.1694,0.8,0.1482
model - 1577686734,1577686750.873,0.81,0.1401,0.76,0.1734
model - 1577686734,1577686750.903,0.83,0.1456,0.79,0.1714
model - 1577686734,1577686750.931,0.75,0.1756,0.84,0.1175
model - 1577686734,1577686750.956,0.75,0.162,0.68,0.199
model - 1577686734,1577686750.982,0.68,0.1995,0.86,0.1201
model - 1577686734,1577686751.01,0.75,0.1753,0.7,0.1839
model - 1577686734,1577686751.034,0.76,0.153,0.79,0.1476
model - 1577686734,1577686751.058,0.79,0.1535,0.83,0.1311
model - 1577686734,1577686751.083,0.76,0.183,0.72,0.177
model - 1577686734,1577686751.109,0.67,0.1929,0.79,0.1577
model - 1577686734,1577686751.135,0.74,0.1779,0.8,0.1375
model - 1577686734,1577686751.159,0.79,0.1499,0.74,0.1702
model - 1577686734,1577686751.183,0.75,0.1711,0.71,0.1817
model - 1577686734,1577686751.215,0.71,0.1895,0.72,0.1822
model - 1577686734,1577686751.241,0.78,0.1574,0.72,0.1838
model - 1577686734,1577686751.266,0.67,0.2154,0.77,0.1516
model - 1577686734,1577686751.29,0.74,0.1702,0.84,0.1285
model - 1577686734,1577686751.316,0.75,0.167,0.83,0.13
model - 1577686734,1577686751.34,0.81,0.1531,0.82,0.146
model - 1577686734,1577686751.367,0.77,0.1653,0.69,0.1895
model - 1577686734,1577686751.391,0.82,0.1371,0.74,0.1746
model - 1577686734,1577686751.417,0.79,0.168,0.74,0.1818
model - 1577686734,1577686751.441,0.79,0.1639,0.76,0.1647
model - 1577686734,1577686751.466,0.76,0.1704,0.8,0.1467
model - 1577686734,1577686751.49,0.77,0.1636,0.74,0.1813
model - 1577686734,1577686751.515,0.69,0.1993,0.69,0.2132
model - 1577686734,1577686751.541,0.76,0.1768,0.79,0.1627
model - 1577686734,1577686751.566,0.7,0.207,0.65,0.2003
model - 1577686734,1577686751.593,0.74,0.1935,0.73,0.176
model - 1577686734,1577686751.618,0.79,0.1419,0.79,0.1546
model - 1577686734,1577686751.645,0.79,0.143,0.77,0.1533
model - 1577686734,1577686751.671,0.77,0.174,0.73,0.1665
model - 1577686734,1577686751.698,0.75,0.171,0.79,0.1645
model - 1577686734,1577686751.722,0.69,0.1976,0.76,0.1496
model - 1577686734,1577686751.749,0.76,0.1614,0.78,0.1418
model - 1577686734,1577686751.775,0.77,0.1511,0.71,0.1868
model - 1577686734,1577686751.799,0.66,0.2098,0.75,0.1784
model - 1577686734,1577686751.823,0.75,0.1642,0.7,0.1942
model - 1577686734,1577686751.849,0.68,0.2295,0.7,0.1969
model - 1577686734,1577686751.873,0.71,0.1808,0.77,0.1616
model - 1577686734,1577686751.898,0.71,0.1863,0.78,0.147
model - 1577686734,1577686751.926,0.73,0.1771,0.77,0.165
model - 1577686734,1577686751.954,0.79,0.1461,0.77,0.1649
model - 1577686734,1577686751.979,0.82,0.1346,0.79,0.1579
model - 1577686734,1577686752.004,0.71,0.1819,0.76,0.152
model - 1577686734,1577686752.029,0.74,0.1801,0.8,0.1648
model - 1577686734,1577686752.056,0.8,0.1579,0.78,0.1496
model - 1577686734,1577686752.083,0.78,0.161,0.79,0.149
model - 1577686734,1577686752.109,0.73,0.1607,0.74,0.1608
model - 1577686734,1577686752.134,0.77,0.155,0.74,0.1606
model - 1577686734,1577686752.16,0.76,0.1531,0.75,0.1657
model - 1577686734,1577686752.185,0.69,0.2021,0.8,0.1419
model - 1577686734,1577686752.21,0.71,0.1886,0.73,0.1867
model - 1577686734,1577686752.235,0.71,0.1795,0.79,0.1491
model - 1577686734,1577686752.269,0.71,0.1809,0.77,0.1537
model - 1577686734,1577686752.3,0.75,0.1751,0.76,0.153
model - 1577686734,1577686752.324,0.78,0.1837,0.69,0.1803
model - 1577686734,1577686752.351,0.74,0.1935,0.72,0.1847
model - 1577686734,1577686752.379,0.78,0.1664,0.82,0.138
model - 1577686734,1577686752.404,0.82,0.139,0.72,0.1901
model - 1577686734,1577686752.429,0.77,0.1487,0.74,0.2
model - 1577686734,1577686752.455,0.78,0.1555,0.74,0.1655
model - 1577686734,1577686752.484,0.8,0.1339,0.71,0.1744
model - 1577686734,1577686752.509,0.76,0.1455,0.75,0.1752
model - 1577686734,1577686752.533,0.75,0.1607,0.78,0.1721
model - 1577686734,1577686752.558,0.71,0.1727,0.84,0.1282
model - 1577686734,1577686752.585,0.74,0.183,0.77,0.1633
model - 1577686734,1577686752.609,0.78,0.1697,0.74,0.1768
model - 1577686734,1577686752.634,0.72,0.1811,0.76,0.1839
model - 1577686734,1577686752.658,0.72,0.2053,0.82,0.1422
model - 1577686734,1577686752.677,0.83,0.1348,0.74,0.1775
model - 1577686734,1577686752.707,0.85,0.1282,0.75,0.1656
model - 1577686734,1577686752.734,0.78,0.1393,0.8,0.1405
model - 1577686734,1577686752.766,0.76,0.1772,0.79,0.1516
model - 1577686734,1577686752.797,0.79,0.1286,0.69,0.2052
model - 1577686734,1577686752.827,0.72,0.1742,0.71,0.1856
model - 1577686734,1577686752.851,0.71,0.1779,0.75,0.1605
model - 1577686734,1577686752.875,0.84,0.1258,0.87,0.1165
model - 1577686734,1577686752.9,0.72,0.1723,0.79,0.1591
model - 1577686734,1577686752.928,0.86,0.1253,0.7,0.2006
model - 1577686734,1577686752.955,0.8,0.1448,0.67,0.19
model - 1577686734,1577686752.98,0.82,0.1382,0.79,0.1387
model - 1577686734,1577686753.005,0.77,0.1703,0.82,0.1353
model - 1577686734,1577686753.032,0.84,0.1304,0.7,0.208
model - 1577686734,1577686753.061,0.73,0.1761,0.81,0.1577
model - 1577686734,1577686753.091,0.87,0.1193,0.8,0.1437
model - 1577686734,1577686753.119,0.8,0.1224,0.7,0.1865
model - 1577686734,1577686753.147,0.77,0.1551,0.74,0.1952
model - 1577686734,1577686753.174,0.76,0.1712,0.71,0.1963
model - 1577686734,1577686753.199,0.76,0.1299,0.85,0.1315
model - 1577686734,1577686753.224,0.83,0.1464,0.72,0.1779
model - 1577686734,1577686753.25,0.71,0.186,0.78,0.1536
model - 1577686734,1577686753.276,0.73,0.1527,0.74,0.1653
model - 1577686734,1577686753.304,0.74,0.1798,0.77,0.1557
model - 1577686734,1577686753.33,0.78,0.1393,0.75,0.1789
model - 1577686734,1577686753.356,0.69,0.1857,0.73,0.1684
model - 1577686734,1577686753.383,0.85,0.132,0.77,0.1472
model - 1577686734,1577686753.407,0.81,0.1595,0.77,0.159
model - 1577686734,1577686753.431,0.82,0.1526,0.69,0.2218
model - 1577686734,1577686753.457,0.82,0.1412,0.82,0.137
model - 1577686734,1577686753.482,0.77,0.1522,0.71,0.1704
model - 1577686734,1577686753.509,0.68,0.1829,0.73,0.1641
model - 1577686734,1577686753.534,0.81,0.1562,0.74,0.1752
model - 1577686734,1577686753.56,0.75,0.1905,0.79,0.1494
model - 1577686734,1577686753.587,0.79,0.1439,0.8,0.1434
model - 1577686734,1577686753.611,0.76,0.1659,0.72,0.1726
model - 1577686734,1577686753.635,0.8,0.143,0.75,0.1943
model - 1577686734,1577686753.662,0.76,0.1762,0.76,0.1568
model - 1577686734,1577686753.688,0.82,0.1463,0.73,0.1829
model - 1577686734,1577686753.712,0.78,0.1392,0.83,0.1393
model - 1577686734,1577686753.736,0.79,0.1453,0.78,0.1577
model - 1577686734,1577686753.764,0.82,0.1198,0.62,0.2277
model - 1577686734,1577686753.79,0.69,0.2037,0.77,0.1637
model - 1577686734,1577686753.815,0.71,0.1638,0.78,0.1423
model - 1577686734,1577686753.84,0.72,0.1778,0.79,0.1366
model - 1577686734,1577686753.868,0.76,0.1511,0.73,0.1855
model - 1577686734,1577686753.893,0.73,0.1866,0.81,0.135
model - 1577686734,1577686753.92,0.74,0.1637,0.77,0.1714
model - 1577686734,1577686753.944,0.81,0.1381,0.77,0.1629
model - 1577686734,1577686753.973,0.8,0.1382,0.7,0.1859
model - 1577686734,1577686753.999,0.68,0.2056,0.78,0.1612
model - 1577686734,1577686754.023,0.82,0.1402,0.74,0.1787
model - 1577686734,1577686754.047,0.69,0.2016,0.77,0.1677
model - 1577686734,1577686754.076,0.74,0.1725,0.76,0.166
model - 1577686734,1577686754.101,0.73,0.1772,0.77,0.1554
model - 1577686734,1577686754.125,0.72,0.1888,0.71,0.1949
model - 1577686734,1577686754.15,0.69,0.1899,0.77,0.1728
model - 1577686734,1577686754.177,0.8,0.1447,0.71,0.1869
model - 1577686734,1577686754.201,0.71,0.1949,0.71,0.1891
model - 1577686734,1577686754.226,0.8,0.1389,0.79,0.1703
model - 1577686734,1577686754.25,0.76,0.1576,0.77,0.1618
model - 1577686734,1577686754.276,0.72,0.1814,0.81,0.1527
model - 1577686734,1577686754.302,0.84,0.1329,0.81,0.1364
model - 1577686734,1577686754.326,0.77,0.1544,0.76,0.1678
model - 1577686734,1577686754.351,0.81,0.1659,0.77,0.1562
model - 1577686734,1577686754.388,0.79,0.1382,0.78,0.1456
model - 1577686734,1577686754.417,0.7,0.1789,0.78,0.1563
model - 1577686734,1577686754.441,0.7,0.1873,0.72,0.1742
model - 1577686734,1577686754.466,0.68,0.1833,0.74,0.1776
model - 1577686734,1577686754.494,0.76,0.1683,0.7,0.1816
model - 1577686734,1577686754.518,0.78,0.1594,0.69,0.191
model - 1577686734,1577686754.543,0.77,0.1375,0.75,0.19
model - 1577686734,1577686754.567,0.78,0.1406,0.74,0.1705
model - 1577686734,1577686754.596,0.69,0.1974,0.84,0.1158
model - 1577686734,1577686754.621,0.75,0.1753,0.79,0.152
model - 1577686734,1577686754.646,0.68,0.2047,0.8,0.1572
model - 1577686734,1577686754.671,0.83,0.1448,0.76,0.1624
model - 1577686734,1577686754.699,0.77,0.1722,0.71,0.1754
model - 1577686734,1577686754.724,0.77,0.1415,0.77,0.1541
model - 1577686734,1577686754.748,0.72,0.1722,0.74,0.1762
model - 1577686734,1577686754.773,0.7,0.1951,0.8,0.1618
model - 1577686734,1577686754.801,0.67,0.2017,0.8,0.1444
model - 1577686734,1577686754.825,0.79,0.1684,0.76,0.1547
model - 1577686734,1577686754.849,0.77,0.1579,0.75,0.1575
model - 1577686734,1577686754.874,0.71,0.1965,0.78,0.1542
model - 1577686734,1577686754.902,0.79,0.1604,0.74,0.1666
model - 1577686734,1577686754.926,0.84,0.1179,0.77,0.1635
model - 1577686734,1577686754.95,0.72,0.1696,0.79,0.1619
model - 1577686734,1577686754.975,0.77,0.1579,0.75,0.1523
model - 1577686734,1577686755.008,0.75,0.1693,0.73,0.1834
model - 1577686734,1577686755.032,0.86,0.1294,0.72,0.1747
model - 1577686734,1577686755.057,0.76,0.1456,0.73,0.1728
model - 1577686734,1577686755.082,0.67,0.2158,0.75,0.1771
model - 1577686734,1577686755.111,0.7,0.1763,0.69,0.1811
model - 1577686734,1577686755.135,0.74,0.1815,0.77,0.1645
model - 1577686734,1577686755.16,0.73,0.1619,0.76,0.1627
model - 1577686734,1577686755.184,0.81,0.1424,0.72,0.1629
model - 1577686734,1577686755.211,0.75,0.178,0.72,0.2009
model - 1577686734,1577686755.237,0.78,0.1453,0.78,0.1501
model - 1577686734,1577686755.261,0.78,0.1576,0.77,0.1608
model - 1577686734,1577686755.286,0.72,0.1706,0.8,0.1381
model - 1577686734,1577686755.312,0.74,0.1637,0.7,0.1718
model - 1577686734,1577686755.337,0.77,0.1657,0.83,0.1276
model - 1577686734,1577686755.361,0.81,0.1353,0.72,0.194
model - 1577686734,1577686755.388,0.81,0.1469,0.84,0.1337
model - 1577686734,1577686755.416,0.71,0.1862,0.69,0.2008
model - 1577686734,1577686755.442,0.76,0.1691,0.74,0.165
model - 1577686734,1577686755.467,0.78,0.1592,0.69,0.181
model - 1577686734,1577686755.494,0.79,0.1432,0.71,0.1991
model - 1577686734,1577686755.521,0.75,0.1659,0.75,0.1726
model - 1577686734,1577686755.546,0.72,0.1685,0.71,0.1946
model - 1577686734,1577686755.57,0.71,0.1871,0.83,0.1356
model - 1577686734,1577686755.594,0.73,0.1674,0.69,0.1898
model - 1577686734,1577686755.62,0.74,0.1688,0.78,0.1512
model - 1577686734,1577686755.646,0.85,0.1263,0.83,0.1249
model - 1577686734,1577686755.67,0.8,0.1436,0.82,0.1255
model - 1577686734,1577686755.694,0.84,0.1444,0.75,0.1568
model - 1577686734,1577686755.72,0.85,0.1283,0.76,0.1568
model - 1577686734,1577686755.746,0.69,0.1881,0.71,0.1807
model - 1577686734,1577686755.771,0.76,0.1827,0.82,0.1294
model - 1577686734,1577686755.795,0.77,0.167,0.83,0.119
model - 1577686734,1577686755.821,0.79,0.1557,0.76,0.1494
model - 1577686734,1577686755.847,0.82,0.1374,0.79,0.1782
model - 1577686734,1577686755.872,0.74,0.1527,0.74,0.1917
model - 1577686734,1577686755.896,0.72,0.1699,0.78,0.161
model - 1577686734,1577686755.923,0.76,0.1719,0.73,0.1664
model - 1577686734,1577686755.947,0.75,0.1564,0.74,0.1797
model - 1577686734,1577686755.971,0.8,0.1346,0.72,0.1677
model - 1577686734,1577686755.996,0.76,0.1682,0.76,0.1654
model - 1577686734,1577686756.028,0.7,0.2067,0.74,0.1656
model - 1577686734,1577686756.052,0.78,0.1574,0.78,0.1544
model - 1577686734,1577686756.077,0.83,0.1247,0.79,0.1546
model - 1577686734,1577686756.103,0.79,0.1649,0.8,0.161
model - 1577686734,1577686756.129,0.84,0.1095,0.76,0.1763
model - 1577686734,1577686756.154,0.76,0.1632,0.78,0.1707
model - 1577686734,1577686756.18,0.72,0.175,0.78,0.1668
model - 1577686734,1577686756.206,0.77,0.163,0.76,0.1507
model - 1577686734,1577686756.232,0.82,0.1309,0.79,0.1542
model - 1577686734,1577686756.257,0.77,0.1731,0.77,0.1601
model - 1577686734,1577686756.283,0.78,0.1451,0.81,0.1314
model - 1577686734,1577686756.309,0.75,0.1795,0.76,0.1545
model - 1577686734,1577686756.335,0.72,0.1809,0.73,0.1813
model - 1577686734,1577686756.359,0.86,0.1303,0.74,0.1711
model - 1577686734,1577686756.384,0.83,0.1205,0.77,0.1561
model - 1577686734,1577686756.409,0.79,0.1678,0.8,0.1643
model - 1577686734,1577686756.436,0.79,0.1421,0.78,0.1568
model - 1577686734,1577686756.461,0.79,0.1281,0.81,0.1364
model - 1577686734,1577686756.488,0.82,0.1433,0.8,0.1408
model - 1577686734,1577686756.516,0.7,0.1853,0.75,0.1633
model - 1577686734,1577686756.543,0.82,0.1193,0.74,0.192
model - 1577686734,1577686756.567,0.79,0.1361,0.75,0.1472
model - 1577686734,1577686756.591,0.8,0.1374,0.78,0.1606
model - 1577686734,1577686756.618,0.81,0.1371,0.8,0.1537
model - 1577686734,1577686756.644,0.71,0.1826,0.7,0.1851
model - 1577686734,1577686756.668,0.81,0.1509,0.8,0.1384
model - 1577686734,1577686756.692,0.83,0.1245,0.75,0.163
model - 1577686734,1577686756.718,0.83,0.1384,0.8,0.1384
model - 1577686734,1577686756.745,0.78,0.1596,0.81,0.124
model - 1577686734,1577686756.769,0.78,0.1313,0.7,0.199
model - 1577686734,1577686756.793,0.76,0.1804,0.75,0.1721
model - 1577686734,1577686756.818,0.79,0.1555,0.79,0.1429
model - 1577686734,1577686756.845,0.8,0.1368,0.83,0.1293
model - 1577686734,1577686756.872,0.83,0.1308,0.83,0.1229
model - 1577686734,1577686756.897,0.81,0.1431,0.75,0.176
model - 1577686734,1577686756.923,0.72,0.1731,0.75,0.1615
model - 1577686734,1577686756.949,0.77,0.1646,0.84,0.1136
model - 1577686734,1577686756.975,0.81,0.1328,0.8,0.1422
model - 1577686734,1577686757.0,0.76,0.1561,0.75,0.168
model - 1577686734,1577686757.026,0.73,0.1696,0.78,0.1505
model - 1577686734,1577686757.054,0.79,0.1444,0.73,0.1839
model - 1577686734,1577686757.081,0.73,0.1964,0.76,0.16
model - 1577686734,1577686757.112,0.75,0.1578,0.8,0.1465
model - 1577686734,1577686757.139,0.82,0.1441,0.85,0.1198
model - 1577686734,1577686757.163,0.81,0.1346,0.84,0.1224
model - 1577686734,1577686757.189,0.75,0.1624,0.69,0.1947
model - 1577686734,1577686757.213,0.83,0.1225,0.84,0.1345
model - 1577686734,1577686757.24,0.76,0.1701,0.74,0.1607
model - 1577686734,1577686757.265,0.8,0.158,0.75,0.1458
model - 1577686734,1577686757.291,0.75,0.1635,0.77,0.1484
model - 1577686734,1577686757.315,0.79,0.1495,0.84,0.123
model - 1577686734,1577686757.341,0.71,0.1724,0.74,0.1869
model - 1577686734,1577686757.366,0.79,0.1625,0.81,0.1379
model - 1577686734,1577686757.392,0.67,0.195,0.69,0.177
model - 1577686734,1577686757.416,0.77,0.1841,0.83,0.1052
model - 1577686734,1577686757.441,0.78,0.136,0.77,0.1438
model - 1577686734,1577686757.467,0.78,0.1362,0.78,0.1518
model - 1577686734,1577686757.493,0.8,0.1522,0.74,0.1558
model - 1577686734,1577686757.518,0.79,0.1509,0.75,0.1889
model - 1577686734,1577686757.549,0.67,0.1992,0.79,0.1441
model - 1577686734,1577686757.575,0.77,0.1486,0.75,0.1813
model - 1577686734,1577686757.605,0.81,0.1403,0.81,0.1378
model - 1577686734,1577686757.63,0.69,0.2053,0.77,0.1776
model - 1577686734,1577686757.655,0.73,0.1515,0.79,0.1425
model - 1577686734,1577686757.68,0.67,0.2189,0.72,0.1766
model - 1577686734,1577686757.707,0.79,0.1528,0.76,0.1462
model - 1577686734,1577686757.731,0.79,0.1499,0.76,0.1488
model - 1577686734,1577686757.756,0.73,0.1776,0.78,0.1335
model - 1577686734,1577686757.782,0.79,0.1415,0.78,0.1344
model - 1577686734,1577686757.807,0.82,0.1297,0.74,0.1677
model - 1577686734,1577686757.831,0.72,0.171,0.69,0.1955
model - 1577686734,1577686757.855,0.76,0.1688,0.79,0.1497
model - 1577686734,1577686757.88,0.85,0.1405,0.78,0.1525
model - 1577686734,1577686757.904,0.78,0.1637,0.84,0.1344
model - 1577686734,1577686757.929,0.78,0.1489,0.78,0.1627
model - 1577686734,1577686757.954,0.77,0.1468,0.83,0.1281
model - 1577686734,1577686757.978,0.77,0.1454,0.73,0.167
model - 1577686734,1577686758.003,0.72,0.1959,0.76,0.1692
model - 1577686734,1577686758.027,0.8,0.1586,0.8,0.1401
model - 1577686734,1577686758.056,0.75,0.1621,0.7,0.1986
model - 1577686734,1577686758.083,0.74,0.1544,0.86,0.1228
model - 1577686734,1577686758.108,0.84,0.1284,0.81,0.1409
model - 1577686734,1577686758.133,0.79,0.1626,0.79,0.1401
model - 1577686734,1577686758.159,0.79,0.1644,0.78,0.1576
model - 1577686734,1577686758.183,0.76,0.1716,0.82,0.1278
model - 1577686734,1577686758.209,0.87,0.1187,0.78,0.1598
model - 1577686734,1577686758.235,0.79,0.1374,0.77,0.1614
model - 1577686734,1577686758.268,0.78,0.1454,0.77,0.1587
model - 1577686734,1577686758.296,0.84,0.1188,0.84,0.1379
model - 1577686734,1577686758.321,0.8,0.1325,0.86,0.1331
model - 1577686734,1577686758.345,0.79,0.1498,0.78,0.1479
model - 1577686734,1577686758.371,0.7,0.1682,0.67,0.2059
model - 1577686734,1577686758.396,0.76,0.1527,0.77,0.1458
model - 1577686734,1577686758.423,0.8,0.1534,0.74,0.1654
model - 1577686734,1577686758.447,0.79,0.1544,0.77,0.1531
model - 1577686734,1577686758.474,0.73,0.1783,0.7,0.1944
model - 1577686734,1577686758.491,0.83,0.1057,0.75,0.1645
model - 1577686734,1577686758.52,0.82,0.1194,0.79,0.1519
model - 1577686734,1577686758.547,0.79,0.1318,0.72,0.1829
model - 1577686734,1577686758.572,0.8,0.1583,0.85,0.1106
model - 1577686734,1577686758.606,0.84,0.0999,0.71,0.1883
model - 1577686734,1577686758.635,0.77,0.1562,0.74,0.1858
model - 1577686734,1577686758.66,0.75,0.1625,0.81,0.1384
model - 1577686734,1577686758.687,0.88,0.1091,0.78,0.1502
model - 1577686734,1577686758.711,0.76,0.1504,0.72,0.1666
model - 1577686734,1577686758.741,0.87,0.1124,0.72,0.1915
model - 1577686734,1577686758.765,0.82,0.1387,0.81,0.1577
model - 1577686734,1577686758.79,0.8,0.1385,0.79,0.1616
model - 1577686734,1577686758.815,0.75,0.1583,0.8,0.1334
model - 1577686734,1577686758.841,0.83,0.1187,0.72,0.1803
model - 1577686734,1577686758.866,0.75,0.1739,0.75,0.1494
model - 1577686734,1577686758.891,0.86,0.1136,0.8,0.1359
model - 1577686734,1577686758.916,0.82,0.1137,0.68,0.2152
model - 1577686734,1577686758.942,0.82,0.1377,0.71,0.1687
model - 1577686734,1577686758.967,0.73,0.1774,0.71,0.1811
model - 1577686734,1577686758.991,0.82,0.119,0.77,0.1598
model - 1577686734,1577686759.018,0.82,0.1286,0.8,0.1519
model - 1577686734,1577686759.044,0.75,0.1799,0.75,0.1688
model - 1577686734,1577686759.071,0.77,0.1452,0.81,0.1547
model - 1577686734,1577686759.098,0.77,0.1625,0.75,0.147
model - 1577686734,1577686759.124,0.81,0.1235,0.83,0.1484
model - 1577686734,1577686759.15,0.75,0.1606,0.81,0.1494
model - 1577686734,1577686759.175,0.84,0.1168,0.86,0.1136
model - 1577686734,1577686759.199,0.76,0.1745,0.74,0.1747
model - 1577686734,1577686759.223,0.84,0.1341,0.84,0.1265
model - 1577686734,1577686759.253,0.86,0.1053,0.77,0.1591
model - 1577686734,1577686759.281,0.87,0.1169,0.79,0.138
model - 1577686734,1577686759.309,0.75,0.1636,0.7,0.1813
model - 1577686734,1577686759.336,0.78,0.1484,0.79,0.1286
model - 1577686734,1577686759.363,0.84,0.1501,0.81,0.1485
model - 1577686734,1577686759.389,0.79,0.1336,0.78,0.1519
model - 1577686734,1577686759.414,0.81,0.1506,0.84,0.1044
model - 1577686734,1577686759.439,0.8,0.1278,0.76,0.1679
model - 1577686734,1577686759.465,0.81,0.1319,0.78,0.1466
model - 1577686734,1577686759.491,0.81,0.135,0.71,0.1901
model - 1577686734,1577686759.515,0.84,0.1162,0.79,0.1636
model - 1577686734,1577686759.54,0.83,0.1208,0.78,0.1436
model - 1577686734,1577686759.564,0.88,0.0997,0.77,0.151
model - 1577686734,1577686759.59,0.74,0.1686,0.8,0.1663
model - 1577686734,1577686759.617,0.79,0.1384,0.73,0.1634
model - 1577686734,1577686759.643,0.81,0.152,0.82,0.1336
model - 1577686734,1577686759.669,0.8,0.1339,0.75,0.1641
model - 1577686734,1577686759.693,0.8,0.162,0.81,0.1301
model - 1577686734,1577686759.721,0.83,0.1183,0.84,0.1306
model - 1577686734,1577686759.745,0.77,0.1527,0.75,0.1641
model - 1577686734,1577686759.77,0.85,0.1038,0.77,0.144
model - 1577686734,1577686759.794,0.68,0.1954,0.75,0.175
model - 1577686734,1577686759.823,0.82,0.1422,0.77,0.156
model - 1577686734,1577686759.847,0.77,0.1734,0.81,0.1488
model - 1577686734,1577686759.872,0.78,0.1562,0.81,0.1386
model - 1577686734,1577686759.896,0.76,0.1671,0.8,0.1283
model - 1577686734,1577686759.924,0.73,0.1747,0.79,0.1468
model - 1577686734,1577686759.948,0.74,0.1658,0.77,0.1488
model - 1577686734,1577686759.972,0.77,0.1575,0.76,0.1769
model - 1577686734,1577686759.997,0.75,0.1839,0.82,0.1335
model - 1577686734,1577686760.026,0.81,0.1243,0.82,0.1462
model - 1577686734,1577686760.051,0.82,0.1486,0.85,0.1182
model - 1577686734,1577686760.08,0.72,0.1788,0.78,0.158
model - 1577686734,1577686760.112,0.83,0.1295,0.72,0.1728
model - 1577686734,1577686760.142,0.78,0.1442,0.76,0.1665
model - 1577686734,1577686760.168,0.84,0.1307,0.77,0.166
model - 1577686734,1577686760.193,0.81,0.1258,0.83,0.1411
model - 1577686734,1577686760.218,0.75,0.1616,0.72,0.1832
model - 1577686734,1577686760.246,0.75,0.1738,0.76,0.1669
model - 1577686734,1577686760.271,0.77,0.1474,0.82,0.1565
model - 1577686734,1577686760.296,0.81,0.1421,0.77,0.1616
model - 1577686734,1577686760.322,0.78,0.1569,0.75,0.1611
model - 1577686734,1577686760.35,0.81,0.1278,0.82,0.1314
model - 1577686734,1577686760.376,0.8,0.1255,0.75,0.184
model - 1577686734,1577686760.401,0.73,0.1915,0.84,0.1262
model - 1577686734,1577686760.434,0.79,0.1505,0.69,0.1849
model - 1577686734,1577686760.475,0.71,0.1828,0.68,0.1817
model - 1577686734,1577686760.507,0.87,0.1237,0.77,0.1669
model - 1577686734,1577686760.533,0.78,0.1409,0.79,0.1513
model - 1577686734,1577686760.558,0.76,0.1269,0.87,0.1204
model - 1577686734,1577686760.588,0.76,0.1675,0.73,0.1944
model - 1577686734,1577686760.613,0.71,0.186,0.7,0.1985
model - 1577686734,1577686760.639,0.71,0.1863,0.83,0.1317
model - 1577686734,1577686760.664,0.82,0.1362,0.78,0.1567
model - 1577686734,1577686760.693,0.79,0.1381,0.8,0.1517
model - 1577686734,1577686760.728,0.74,0.1685,0.73,0.1849
model - 1577686734,1577686760.754,0.81,0.1281,0.81,0.1525
model - 1577686734,1577686760.779,0.83,0.1096,0.75,0.1561
model - 1577686734,1577686760.809,0.79,0.1586,0.82,0.1191
model - 1577686734,1577686760.833,0.79,0.1399,0.75,0.1791
model - 1577686734,1577686760.858,0.74,0.1586,0.82,0.116
model - 1577686734,1577686760.885,0.88,0.1134,0.85,0.1323
model - 1577686734,1577686760.914,0.81,0.1373,0.75,0.159
model - 1577686734,1577686760.938,0.72,0.2051,0.82,0.1235
model - 1577686734,1577686760.963,0.71,0.1581,0.82,0.1396
model - 1577686734,1577686760.987,0.78,0.1576,0.79,0.1517
model - 1577686734,1577686761.016,0.76,0.1424,0.81,0.1544
model - 1577686734,1577686761.041,0.81,0.1346,0.81,0.1418
model - 1577686734,1577686761.066,0.79,0.1531,0.8,0.1559
model - 1577686734,1577686761.09,0.84,0.1154,0.68,0.1944
model - 1577686734,1577686761.121,0.81,0.1372,0.8,0.1505
model - 1577686734,1577686761.149,0.74,0.1631,0.82,0.1325
model - 1577686734,1577686761.173,0.8,0.1484,0.74,0.1505
model - 1577686734,1577686761.198,0.79,0.1455,0.78,0.1591
model - 1577686734,1577686761.226,0.87,0.1128,0.8,0.1248
model - 1577686734,1577686761.25,0.8,0.1391,0.73,0.1642
model - 1577686734,1577686761.275,0.74,0.1659,0.75,0.1804
model - 1577686734,1577686761.299,0.78,0.1322,0.8,0.1206
model - 1577686734,1577686761.326,0.8,0.1418,0.81,0.125
model - 1577686734,1577686761.352,0.8,0.1159,0.77,0.1669
model - 1577686734,1577686761.377,0.77,0.1518,0.75,0.1897
model - 1577686734,1577686761.401,0.78,0.1548,0.77,0.1555
model - 1577686734,1577686761.429,0.75,0.168,0.77,0.1559
model - 1577686734,1577686761.454,0.77,0.1547,0.83,0.1134
model - 1577686734,1577686761.479,0.76,0.1526,0.78,0.1559
model - 1577686734,1577686761.504,0.88,0.1035,0.75,0.1668
model - 1577686734,1577686761.532,0.86,0.1195,0.83,0.1094
model - 1577686734,1577686761.558,0.83,0.1304,0.78,0.1463
model - 1577686734,1577686761.582,0.82,0.1126,0.8,0.1482
model - 1577686734,1577686761.606,0.68,0.1955,0.81,0.1398
model - 1577686734,1577686761.632,0.72,0.1859,0.77,0.1515
model - 1577686734,1577686761.656,0.75,0.1702,0.8,0.1582
model - 1577686734,1577686761.684,0.77,0.1487,0.79,0.1525
model - 1577686734,1577686761.71,0.79,0.1408,0.83,0.1187
model - 1577686734,1577686761.736,0.77,0.1441,0.74,0.1633
model - 1577686734,1577686761.767,0.74,0.1551,0.75,0.1858
model - 1577686734,1577686761.8,0.77,0.1614,0.68,0.2034
model - 1577686734,1577686761.828,0.81,0.1439,0.82,0.1392
model - 1577686734,1577686761.854,0.83,0.1236,0.84,0.1354
model - 1577686734,1577686761.88,0.79,0.1476,0.76,0.148
model - 1577686734,1577686761.906,0.72,0.2009,0.81,0.1437
model - 1577686734,1577686761.93,0.79,0.1506,0.78,0.1529
model - 1577686734,1577686761.956,0.87,0.115,0.78,0.153
model - 1577686734,1577686761.981,0.8,0.1541,0.79,0.1515
model - 1577686734,1577686762.007,0.86,0.1004,0.72,0.1892
model - 1577686734,1577686762.031,0.78,0.144,0.84,0.1258
model - 1577686734,1577686762.057,0.73,0.1681,0.79,0.1325
model - 1577686734,1577686762.086,0.78,0.1562,0.82,0.1399
model - 1577686734,1577686762.113,0.86,0.1182,0.77,0.1684
model - 1577686734,1577686762.14,0.77,0.1603,0.75,0.1669
model - 1577686734,1577686762.169,0.82,0.1316,0.79,0.1567
model - 1577686734,1577686762.195,0.75,0.1643,0.8,0.1361
model - 1577686734,1577686762.22,0.79,0.1452,0.75,0.164
model - 1577686734,1577686762.245,0.88,0.1216,0.8,0.1483
model - 1577686734,1577686762.271,0.87,0.1035,0.78,0.1403
model - 1577686734,1577686762.295,0.76,0.1671,0.8,0.1424
model - 1577686734,1577686762.32,0.84,0.1147,0.85,0.1308
model - 1577686734,1577686762.344,0.84,0.1183,0.72,0.1662
model - 1577686734,1577686762.368,0.8,0.143,0.74,0.1769
model - 1577686734,1577686762.395,0.72,0.174,0.68,0.1953
model - 1577686734,1577686762.418,0.82,0.1054,0.74,0.1805
model - 1577686734,1577686762.444,0.87,0.1221,0.8,0.1391
model - 1577686734,1577686762.468,0.83,0.1185,0.87,0.112
model - 1577686734,1577686762.492,0.86,0.1266,0.77,0.1458
model - 1577686734,1577686762.518,0.75,0.1667,0.79,0.1178
model - 1577686734,1577686762.543,0.83,0.1283,0.77,0.1668
model - 1577686734,1577686762.567,0.82,0.1106,0.82,0.1301
model - 1577686734,1577686762.591,0.84,0.1121,0.74,0.1683
model - 1577686734,1577686762.615,0.83,0.1406,0.76,0.1642
model - 1577686734,1577686762.641,0.81,0.1289,0.82,0.148
model - 1577686734,1577686762.667,0.76,0.1469,0.78,0.168
model - 1577686734,1577686762.691,0.8,0.1484,0.82,0.1412
model - 1577686734,1577686762.715,0.82,0.1219,0.79,0.166
model - 1577686734,1577686762.739,0.84,0.1206,0.79,0.1363
model - 1577686734,1577686762.767,0.83,0.119,0.78,0.1369
model - 1577686734,1577686762.793,0.77,0.1637,0.74,0.1678
model - 1577686734,1577686762.824,0.78,0.1457,0.83,0.1381
model - 1577686734,1577686762.849,0.88,0.1029,0.81,0.1403
model - 1577686734,1577686762.878,0.8,0.1315,0.76,0.1691
model - 1577686734,1577686762.902,0.77,0.1512,0.79,0.148
model - 1577686734,1577686762.927,0.8,0.1317,0.81,0.1347
model - 1577686734,1577686762.951,0.76,0.1623,0.81,0.1536
model - 1577686734,1577686762.977,0.78,0.1434,0.82,0.1247
model - 1577686734,1577686763.003,0.83,0.1361,0.76,0.1601
model - 1577686734,1577686763.026,0.84,0.1169,0.77,0.1499
model - 1577686734,1577686763.051,0.79,0.1424,0.77,0.1609
model - 1577686734,1577686763.075,0.88,0.0934,0.76,0.146
model - 1577686734,1577686763.108,0.78,0.1598,0.74,0.1711
model - 1577686734,1577686763.137,0.81,0.1461,0.74,0.1741
model - 1577686734,1577686763.165,0.78,0.1484,0.74,0.1638
model - 1577686734,1577686763.191,0.79,0.1413,0.7,0.2054
model - 1577686734,1577686763.218,0.77,0.1525,0.79,0.1474
model - 1577686734,1577686763.246,0.81,0.1517,0.78,0.1514
model - 1577686734,1577686763.277,0.71,0.1898,0.75,0.1756
model - 1577686734,1577686763.305,0.76,0.1734,0.81,0.1225
model - 1577686734,1577686763.333,0.8,0.1232,0.72,0.1846
model - 1577686734,1577686763.357,0.83,0.1265,0.7,0.1855
model - 1577686734,1577686763.382,0.81,0.1292,0.78,0.1558
model - 1577686734,1577686763.406,0.83,0.1416,0.8,0.1338
model - 1577686734,1577686763.432,0.67,0.1915,0.78,0.1449
model - 1577686734,1577686763.458,0.81,0.1276,0.86,0.117
model - 1577686734,1577686763.483,0.87,0.1205,0.81,0.1325
model - 1577686734,1577686763.508,0.74,0.1955,0.82,0.1318
model - 1577686734,1577686763.535,0.79,0.1375,0.78,0.1619
model - 1577686734,1577686763.561,0.7,0.2071,0.76,0.1553
model - 1577686734,1577686763.587,0.8,0.1438,0.82,0.1444
model - 1577686734,1577686763.611,0.82,0.1367,0.77,0.1365
model - 1577686734,1577686763.637,0.77,0.1773,0.79,0.1377
model - 1577686734,1577686763.661,0.84,0.1244,0.76,0.1468
model - 1577686734,1577686763.685,0.85,0.114,0.78,0.1424
model - 1577686734,1577686763.71,0.8,0.1585,0.73,0.1825
model - 1577686734,1577686763.734,0.74,0.1697,0.83,0.1386
model - 1577686734,1577686763.76,0.82,0.1275,0.78,0.1523
model - 1577686734,1577686763.784,0.79,0.1491,0.76,0.1732
model - 1577686734,1577686763.808,0.77,0.1379,0.8,0.1446
model - 1577686734,1577686763.834,0.79,0.1394,0.75,0.1799
model - 1577686734,1577686763.866,0.78,0.1443,0.85,0.1361
model - 1577686734,1577686763.898,0.72,0.1834,0.79,0.1494
model - 1577686734,1577686763.927,0.8,0.1479,0.83,0.127
model - 1577686734,1577686763.952,0.75,0.1602,0.75,0.1829
model - 1577686734,1577686763.98,0.77,0.1516,0.78,0.1469
model - 1577686734,1577686764.005,0.82,0.1154,0.83,0.1298
model - 1577686734,1577686764.029,0.82,0.1466,0.71,0.2029
model - 1577686734,1577686764.053,0.78,0.1534,0.8,0.1461
model - 1577686734,1577686764.08,0.75,0.1564,0.78,0.1425
model - 1577686734,1577686764.104,0.85,0.1095,0.79,0.1509
model - 1577686734,1577686764.128,0.81,0.124,0.83,0.1331
model - 1577686734,1577686764.152,0.79,0.1316,0.83,0.1409
model - 1577686734,1577686764.179,0.86,0.1216,0.72,0.1916
model - 1577686734,1577686764.207,0.83,0.1259,0.83,0.1203
model - 1577686734,1577686764.234,0.78,0.1388,0.77,0.1498
model - 1577686734,1577686764.259,0.77,0.152,0.8,0.1544
model - 1577686734,1577686764.284,0.82,0.1375,0.82,0.1324
model - 1577686734,1577686764.31,0.84,0.1421,0.78,0.1434
model - 1577686734,1577686764.337,0.83,0.1333,0.77,0.1655
model - 1577686734,1577686764.361,0.74,0.1779,0.82,0.1277
model - 1577686734,1577686764.378,0.85,0.1069,0.89,0.1136
